This is pdfTeX, Version 3.141592653-2.6-1.40.27 (TeX Live 2025/nixos.org) (preloaded format=pdflatex 1980.1.1)  20 NOV 2025 15:12
entering extended mode
 restricted \write18 enabled.
 %&-line parsing enabled.
**Main.tex
(./Main.tex
LaTeX2e <2025-06-01> patch level 1
L3 programming layer <2025-06-09>

(/nix/store/lw5c47pys0kvg91kdqriir21bcwx5c1g-texlive-2025-env-texmfdist/tex/lat
ex/base/article.cls
Document Class: article 2025/01/22 v1.4n Standard LaTeX document class

(/nix/store/lw5c47pys0kvg91kdqriir21bcwx5c1g-texlive-2025-env-texmfdist/tex/lat
ex/base/size10.clo
File: size10.clo 2025/01/22 v1.4n Standard LaTeX file (size option)
)
\c@part=\count275
\c@section=\count276
\c@subsection=\count277
\c@subsubsection=\count278
\c@paragraph=\count279
\c@subparagraph=\count280
\c@figure=\count281
\c@table=\count282
\abovecaptionskip=\skip49
\belowcaptionskip=\skip50
\bibindent=\dimen148
)
(/nix/store/lw5c47pys0kvg91kdqriir21bcwx5c1g-texlive-2025-env-texmfdist/tex/lat
ex/preprint/fullpage.sty
Package: fullpage 1999/02/23 1.1 (PWD)
\FP@margin=\skip51
)
(/nix/store/lw5c47pys0kvg91kdqriir21bcwx5c1g-texlive-2025-env-texmfdist/tex/lat
ex/amsmath/amsmath.sty
Package: amsmath 2025/06/16 v2.17y AMS math features
\@mathmargin=\skip52

For additional information on amsmath, use the `?' option.

(/nix/store/lw5c47pys0kvg91kdqriir21bcwx5c1g-texlive-2025-env-texmfdist/tex/lat
ex/amsmath/amstext.sty
Package: amstext 2024/11/17 v2.01 AMS text

(/nix/store/lw5c47pys0kvg91kdqriir21bcwx5c1g-texlive-2025-env-texmfdist/tex/lat
ex/amsmath/amsgen.sty
File: amsgen.sty 1999/11/30 v2.0 generic functions
\@emptytoks=\toks17
\ex@=\dimen149
))
(/nix/store/lw5c47pys0kvg91kdqriir21bcwx5c1g-texlive-2025-env-texmfdist/tex/lat
ex/amsmath/amsbsy.sty
Package: amsbsy 1999/11/29 v1.2d Bold Symbols
\pmbraise@=\dimen150
)
(/nix/store/lw5c47pys0kvg91kdqriir21bcwx5c1g-texlive-2025-env-texmfdist/tex/lat
ex/amsmath/amsopn.sty
Package: amsopn 2022/04/08 v2.04 operator names
)
\inf@bad=\count283
LaTeX Info: Redefining \frac on input line 233.
\uproot@=\count284
\leftroot@=\count285
LaTeX Info: Redefining \overline on input line 398.
LaTeX Info: Redefining \colon on input line 409.
\classnum@=\count286
\DOTSCASE@=\count287
LaTeX Info: Redefining \ldots on input line 495.
LaTeX Info: Redefining \dots on input line 498.
LaTeX Info: Redefining \cdots on input line 619.
\Mathstrutbox@=\box53
\strutbox@=\box54
LaTeX Info: Redefining \big on input line 721.
LaTeX Info: Redefining \Big on input line 722.
LaTeX Info: Redefining \bigg on input line 723.
LaTeX Info: Redefining \Bigg on input line 724.
\big@size=\dimen151
LaTeX Font Info:    Redeclaring font encoding OML on input line 742.
LaTeX Font Info:    Redeclaring font encoding OMS on input line 743.
\macc@depth=\count288
LaTeX Info: Redefining \bmod on input line 904.
LaTeX Info: Redefining \pmod on input line 909.
LaTeX Info: Redefining \smash on input line 939.
LaTeX Info: Redefining \relbar on input line 969.
LaTeX Info: Redefining \Relbar on input line 970.
\c@MaxMatrixCols=\count289
\dotsspace@=\muskip17
\c@parentequation=\count290
\dspbrk@lvl=\count291
\tag@help=\toks18
\row@=\count292
\column@=\count293
\maxfields@=\count294
\andhelp@=\toks19
\eqnshift@=\dimen152
\alignsep@=\dimen153
\tagshift@=\dimen154
\tagwidth@=\dimen155
\totwidth@=\dimen156
\lineht@=\dimen157
\@envbody=\toks20
\multlinegap=\skip53
\multlinetaggap=\skip54
\mathdisplay@stack=\toks21
LaTeX Info: Redefining \[ on input line 2949.
LaTeX Info: Redefining \] on input line 2950.
)
(/nix/store/lw5c47pys0kvg91kdqriir21bcwx5c1g-texlive-2025-env-texmfdist/tex/lat
ex/amscls/amsthm.sty
Package: amsthm 2020/05/29 v2.20.6
\thm@style=\toks22
\thm@bodyfont=\toks23
\thm@headfont=\toks24
\thm@notefont=\toks25
\thm@headpunct=\toks26
\thm@preskip=\skip55
\thm@postskip=\skip56
\thm@headsep=\skip57
\dth@everypar=\toks27
)
(/nix/store/lw5c47pys0kvg91kdqriir21bcwx5c1g-texlive-2025-env-texmfdist/tex/lat
ex/amsfonts/amssymb.sty
Package: amssymb 2013/01/14 v3.01 AMS font symbols

(/nix/store/lw5c47pys0kvg91kdqriir21bcwx5c1g-texlive-2025-env-texmfdist/tex/lat
ex/amsfonts/amsfonts.sty
Package: amsfonts 2013/01/14 v3.01 Basic AMSFonts support
\symAMSa=\mathgroup4
\symAMSb=\mathgroup5
LaTeX Font Info:    Redeclaring math symbol \hbar on input line 98.
LaTeX Font Info:    Overwriting math alphabet `\mathfrak' in version `bold'
(Font)                  U/euf/m/n --> U/euf/b/n on input line 106.
))
(/nix/store/lw5c47pys0kvg91kdqriir21bcwx5c1g-texlive-2025-env-texmfdist/tex/lat
ex/mathtools/mathtools.sty
Package: mathtools 2024/10/04 v1.31 mathematical typesetting tools

(/nix/store/lw5c47pys0kvg91kdqriir21bcwx5c1g-texlive-2025-env-texmfdist/tex/lat
ex/graphics/keyval.sty
Package: keyval 2022/05/29 v1.15 key=value parser (DPC)
\KV@toks@=\toks28
)
(/nix/store/lw5c47pys0kvg91kdqriir21bcwx5c1g-texlive-2025-env-texmfdist/tex/lat
ex/tools/calc.sty
Package: calc 2025/03/01 v4.3b Infix arithmetic (KKT,FJ)
\calc@Acount=\count295
\calc@Bcount=\count296
\calc@Adimen=\dimen158
\calc@Bdimen=\dimen159
\calc@Askip=\skip58
\calc@Bskip=\skip59
LaTeX Info: Redefining \setlength on input line 86.
LaTeX Info: Redefining \addtolength on input line 87.
\calc@Ccount=\count297
\calc@Cskip=\skip60
)
(/nix/store/lw5c47pys0kvg91kdqriir21bcwx5c1g-texlive-2025-env-texmfdist/tex/lat
ex/mathtools/mhsetup.sty
Package: mhsetup 2021/03/18 v1.4 programming setup (MH)
)
\g_MT_multlinerow_int=\count298
\l_MT_multwidth_dim=\dimen160
\origjot=\skip61
\l_MT_shortvdotswithinadjustabove_dim=\dimen161
\l_MT_shortvdotswithinadjustbelow_dim=\dimen162
\l_MT_above_intertext_sep=\dimen163
\l_MT_below_intertext_sep=\dimen164
\l_MT_above_shortintertext_sep=\dimen165
\l_MT_below_shortintertext_sep=\dimen166
\xmathstrut@box=\box55
\xmathstrut@dim=\dimen167
)
(/nix/store/lw5c47pys0kvg91kdqriir21bcwx5c1g-texlive-2025-env-texmfdist/tex/lat
ex/tools/verbatim.sty
Package: verbatim 2024-01-22 v1.5x LaTeX2e package for verbatim enhancements
\every@verbatim=\toks29
\verbatim@line=\toks30
\verbatim@in@stream=\read2
)
(/nix/store/lw5c47pys0kvg91kdqriir21bcwx5c1g-texlive-2025-env-texmfdist/tex/lat
ex/graphics/color.sty
Package: color 2025/01/14 v1.3e Standard LaTeX Color (DPC)

(/nix/store/lw5c47pys0kvg91kdqriir21bcwx5c1g-texlive-2025-env-texmfdist/tex/lat
ex/graphics-cfg/color.cfg
File: color.cfg 2016/01/02 v1.6 sample color configuration
)
Package color Info: Driver file: pdftex.def on input line 149.

(/nix/store/lw5c47pys0kvg91kdqriir21bcwx5c1g-texlive-2025-env-texmfdist/tex/lat
ex/graphics-def/pdftex.def
File: pdftex.def 2024/04/13 v1.2c Graphics/color driver for pdftex
)
(/nix/store/lw5c47pys0kvg91kdqriir21bcwx5c1g-texlive-2025-env-texmfdist/tex/lat
ex/graphics/mathcolor.ltx))
(/nix/store/lw5c47pys0kvg91kdqriir21bcwx5c1g-texlive-2025-env-texmfdist/tex/lat
ex/boxedminipage/boxedminipage.sty
Package: boxedminipage 2020/04/19 v1.1 Boxed LaTeX2e minipages
\bmp@box=\box56
\bmp@width=\skip62
\bmp@height=\skip63
)
(/nix/store/lw5c47pys0kvg91kdqriir21bcwx5c1g-texlive-2025-env-texmfdist/tex/lat
ex/diagbox/diagbox.sty
Package: diagbox 2020/02/09 v2.3 Making table heads with diagonal lines

(/nix/store/lw5c47pys0kvg91kdqriir21bcwx5c1g-texlive-2025-env-texmfdist/tex/lat
ex/pict2e/pict2e.sty
Package: pict2e 2020/09/30 v0.4b Improved picture commands (HjG,RN,JT)

(/nix/store/lw5c47pys0kvg91kdqriir21bcwx5c1g-texlive-2025-env-texmfdist/tex/lat
ex/pict2e/pict2e.cfg
File: pict2e.cfg 2016/02/05 v0.1u pict2e configuration for teTeX/TeXLive
)
Package pict2e Info: Driver file: pdftex.def on input line 112.
Package pict2e Info: Driver file for pict2e: p2e-pdftex.def on input line 114.

(/nix/store/lw5c47pys0kvg91kdqriir21bcwx5c1g-texlive-2025-env-texmfdist/tex/lat
ex/pict2e/p2e-pdftex.def
File: p2e-pdftex.def 2016/02/05 v0.1u Driver-dependant file (RN,HjG,JT)
)
(/nix/store/lw5c47pys0kvg91kdqriir21bcwx5c1g-texlive-2025-env-texmfdist/tex/lat
ex/graphics/trig.sty
Package: trig 2023/12/02 v1.11 sin cos tan (DPC)
)
\pIIe@GRAPH=\toks31
\@arclen=\dimen168
\@arcrad=\dimen169
\pIIe@tempdima=\dimen170
\pIIe@tempdimb=\dimen171
\pIIe@tempdimc=\dimen172
\pIIe@tempdimd=\dimen173
\pIIe@tempdime=\dimen174
\pIIe@tempdimf=\dimen175
)
(/nix/store/lw5c47pys0kvg91kdqriir21bcwx5c1g-texlive-2025-env-texmfdist/tex/lat
ex/tools/array.sty
Package: array 2025/06/08 v2.6j Tabular extension package (FMi)
\col@sep=\dimen176
\ar@mcellbox=\box57
\extrarowheight=\dimen177
\NC@list=\toks32
\extratabsurround=\skip64
\backup@length=\skip65
\ar@cellbox=\box58
)
\diagbox@boxa=\box59
\diagbox@boxb=\box60
\diagbox@boxm=\box61
\diagbox@wd=\dimen178
\diagbox@ht=\dimen179
\diagbox@insepl=\dimen180
\diagbox@insepr=\dimen181
\diagbox@outsepl=\dimen182
\diagbox@outsepr=\dimen183
)
(/nix/store/lw5c47pys0kvg91kdqriir21bcwx5c1g-texlive-2025-env-texmfdist/tex/lat
ex/enumitem/enumitem.sty
Package: enumitem 2025/02/06 v3.11 Customized lists
\labelindent=\skip66
\enit@outerparindent=\dimen184
\enit@toks=\toks33
\enit@inbox=\box62
\enit@count@id=\count299
\enitdp@description=\count300
)
(/nix/store/lw5c47pys0kvg91kdqriir21bcwx5c1g-texlive-2025-env-texmfdist/tex/lat
ex/subfig/subfig.sty
Package: subfig 2005/06/28 ver: 1.3 subfig package

(/nix/store/lw5c47pys0kvg91kdqriir21bcwx5c1g-texlive-2025-env-texmfdist/tex/lat
ex/caption/caption3.sty
Package: caption3 2023/07/31 v2.4d caption3 kernel (AR)
\caption@tempdima=\dimen185
\captionmargin=\dimen186
\caption@leftmargin=\dimen187
\caption@rightmargin=\dimen188
\caption@width=\dimen189
\caption@indent=\dimen190
\caption@parindent=\dimen191
\caption@hangindent=\dimen192
Package caption Info: Standard document class detected.
)
\c@KVtest=\count301
\sf@farskip=\skip67
\sf@captopadj=\dimen193
\sf@capskip=\skip68
\sf@nearskip=\skip69
\c@subfigure=\count302
\c@subfigure@save=\count303
\c@lofdepth=\count304
\c@subtable=\count305
\c@subtable@save=\count306
\c@lotdepth=\count307
\sf@top=\skip70
\sf@bottom=\skip71
)
(/nix/store/lw5c47pys0kvg91kdqriir21bcwx5c1g-texlive-2025-env-texmfdist/tex/lat
ex/url/url.sty
\Urlmuskip=\muskip18
Package: url 2013/09/16  ver 3.4  Verb mode for urls, etc.
)
(/nix/store/lw5c47pys0kvg91kdqriir21bcwx5c1g-texlive-2025-env-texmfdist/tex/lat
ex/listings/listings.sty
\lst@mode=\count308
\lst@gtempboxa=\box63
\lst@token=\toks34
\lst@length=\count309
\lst@currlwidth=\dimen194
\lst@column=\count310
\lst@pos=\count311
\lst@lostspace=\dimen195
\lst@width=\dimen196
\lst@newlines=\count312
\lst@lineno=\count313
\lst@maxwidth=\dimen197

(/nix/store/lw5c47pys0kvg91kdqriir21bcwx5c1g-texlive-2025-env-texmfdist/tex/lat
ex/listings/lstpatch.sty
File: lstpatch.sty 2024/09/23 1.10c (Carsten Heinz)
)
(/nix/store/lw5c47pys0kvg91kdqriir21bcwx5c1g-texlive-2025-env-texmfdist/tex/lat
ex/listings/lstmisc.sty
File: lstmisc.sty 2024/09/23 1.10c (Carsten Heinz)
\c@lstnumber=\count314
\lst@skipnumbers=\count315
\lst@framebox=\box64
)
(/nix/store/lw5c47pys0kvg91kdqriir21bcwx5c1g-texlive-2025-env-texmfdist/tex/lat
ex/listings/listings.cfg
File: listings.cfg 2024/09/23 1.10c listings configuration
))
Package: listings 2024/09/23 1.10c (Carsten Heinz)

(/nix/store/lw5c47pys0kvg91kdqriir21bcwx5c1g-texlive-2025-env-texmfdist/tex/lat
ex/xcolor/xcolor.sty
Package: xcolor 2024/09/29 v3.02 LaTeX color extensions (UK)

(/nix/store/lw5c47pys0kvg91kdqriir21bcwx5c1g-texlive-2025-env-texmfdist/tex/lat
ex/graphics-cfg/color.cfg
File: color.cfg 2016/01/02 v1.6 sample color configuration
)
Package xcolor Info: Driver file: pdftex.def on input line 274.
LaTeX Info: Redefining \color on input line 762.

(/nix/store/lw5c47pys0kvg91kdqriir21bcwx5c1g-texlive-2025-env-texmfdist/tex/lat
ex/graphics/mathcolor.ltx)
Package xcolor Info: Model `cmy' substituted by `cmy0' on input line 1349.
Package xcolor Info: Model `hsb' substituted by `rgb' on input line 1353.
Package xcolor Info: Model `RGB' extended on input line 1365.
Package xcolor Info: Model `HTML' substituted by `rgb' on input line 1367.
Package xcolor Info: Model `Hsb' substituted by `hsb' on input line 1368.
Package xcolor Info: Model `tHsb' substituted by `hsb' on input line 1369.
Package xcolor Info: Model `HSB' substituted by `hsb' on input line 1370.
Package xcolor Info: Model `Gray' substituted by `gray' on input line 1371.
Package xcolor Info: Model `wave' substituted by `hsb' on input line 1372.
)
(/nix/store/lw5c47pys0kvg91kdqriir21bcwx5c1g-texlive-2025-env-texmfdist/tex/lat
ex/hyperref/hyperref.sty
Package: hyperref 2025-06-21 v7.01n Hypertext links for LaTeX

(/nix/store/lw5c47pys0kvg91kdqriir21bcwx5c1g-texlive-2025-env-texmfdist/tex/gen
eric/iftex/iftex.sty
Package: iftex 2024/12/12 v1.0g TeX engine tests
)
(/nix/store/lw5c47pys0kvg91kdqriir21bcwx5c1g-texlive-2025-env-texmfdist/tex/lat
ex/kvsetkeys/kvsetkeys.sty
Package: kvsetkeys 2022-10-05 v1.19 Key value parser (HO)
)
(/nix/store/lw5c47pys0kvg91kdqriir21bcwx5c1g-texlive-2025-env-texmfdist/tex/gen
eric/kvdefinekeys/kvdefinekeys.sty
Package: kvdefinekeys 2019-12-19 v1.6 Define keys (HO)
)
(/nix/store/lw5c47pys0kvg91kdqriir21bcwx5c1g-texlive-2025-env-texmfdist/tex/gen
eric/pdfescape/pdfescape.sty
Package: pdfescape 2019/12/09 v1.15 Implements pdfTeX's escape features (HO)

(/nix/store/lw5c47pys0kvg91kdqriir21bcwx5c1g-texlive-2025-env-texmfdist/tex/gen
eric/ltxcmds/ltxcmds.sty
Package: ltxcmds 2023-12-04 v1.26 LaTeX kernel commands for general use (HO)
)
(/nix/store/lw5c47pys0kvg91kdqriir21bcwx5c1g-texlive-2025-env-texmfdist/tex/gen
eric/pdftexcmds/pdftexcmds.sty
Package: pdftexcmds 2020-06-27 v0.33 Utility functions of pdfTeX for LuaTeX (HO
)

(/nix/store/lw5c47pys0kvg91kdqriir21bcwx5c1g-texlive-2025-env-texmfdist/tex/gen
eric/infwarerr/infwarerr.sty
Package: infwarerr 2019/12/03 v1.5 Providing info/warning/error messages (HO)
)
Package pdftexcmds Info: \pdf@primitive is available.
Package pdftexcmds Info: \pdf@ifprimitive is available.
Package pdftexcmds Info: \pdfdraftmode found.
))
(/nix/store/lw5c47pys0kvg91kdqriir21bcwx5c1g-texlive-2025-env-texmfdist/tex/lat
ex/hycolor/hycolor.sty
Package: hycolor 2020-01-27 v1.10 Color options for hyperref/bookmark (HO)
)
(/nix/store/lw5c47pys0kvg91kdqriir21bcwx5c1g-texlive-2025-env-texmfdist/tex/lat
ex/hyperref/nameref.sty
Package: nameref 2025-06-21 v2.57 Cross-referencing by name of section

(/nix/store/lw5c47pys0kvg91kdqriir21bcwx5c1g-texlive-2025-env-texmfdist/tex/lat
ex/refcount/refcount.sty
Package: refcount 2019/12/15 v3.6 Data extraction from label references (HO)
)
(/nix/store/lw5c47pys0kvg91kdqriir21bcwx5c1g-texlive-2025-env-texmfdist/tex/gen
eric/gettitlestring/gettitlestring.sty
Package: gettitlestring 2019/12/15 v1.6 Cleanup title references (HO)

(/nix/store/lw5c47pys0kvg91kdqriir21bcwx5c1g-texlive-2025-env-texmfdist/tex/lat
ex/kvoptions/kvoptions.sty
Package: kvoptions 2022-06-15 v3.15 Key value format for package options (HO)
))
\c@section@level=\count316
)
(/nix/store/lw5c47pys0kvg91kdqriir21bcwx5c1g-texlive-2025-env-texmfdist/tex/lat
ex/etoolbox/etoolbox.sty
Package: etoolbox 2025/02/11 v2.5l e-TeX tools for LaTeX (JAW)
\etb@tempcnta=\count317
)
(/nix/store/lw5c47pys0kvg91kdqriir21bcwx5c1g-texlive-2025-env-texmfdist/tex/gen
eric/stringenc/stringenc.sty
Package: stringenc 2019/11/29 v1.12 Convert strings between diff. encodings (HO
)
)
\@linkdim=\dimen198
\Hy@linkcounter=\count318
\Hy@pagecounter=\count319

(/nix/store/lw5c47pys0kvg91kdqriir21bcwx5c1g-texlive-2025-env-texmfdist/tex/lat
ex/hyperref/pd1enc.def
File: pd1enc.def 2025-06-21 v7.01n Hyperref: PDFDocEncoding definition (HO)
Now handling font encoding PD1 ...
... no UTF-8 mapping file for font encoding PD1
)
(/nix/store/lw5c47pys0kvg91kdqriir21bcwx5c1g-texlive-2025-env-texmfdist/tex/gen
eric/intcalc/intcalc.sty
Package: intcalc 2019/12/15 v1.3 Expandable calculations with integers (HO)
)
\Hy@SavedSpaceFactor=\count320

(/nix/store/lw5c47pys0kvg91kdqriir21bcwx5c1g-texlive-2025-env-texmfdist/tex/lat
ex/hyperref/puenc.def
File: puenc.def 2025-06-21 v7.01n Hyperref: PDF Unicode definition (HO)
Now handling font encoding PU ...
... no UTF-8 mapping file for font encoding PU
)
Package hyperref Info: Hyper figures OFF on input line 4181.
Package hyperref Info: Link nesting OFF on input line 4186.
Package hyperref Info: Hyper index ON on input line 4189.
Package hyperref Info: Plain pages OFF on input line 4196.
Package hyperref Info: Backreferencing OFF on input line 4201.
Package hyperref Info: Implicit mode ON; LaTeX internals redefined.
Package hyperref Info: Bookmarks ON on input line 4448.
\c@Hy@tempcnt=\count321
LaTeX Info: Redefining \url on input line 4787.
\XeTeXLinkMargin=\dimen199

(/nix/store/lw5c47pys0kvg91kdqriir21bcwx5c1g-texlive-2025-env-texmfdist/tex/gen
eric/bitset/bitset.sty
Package: bitset 2019/12/09 v1.3 Handle bit-vector datatype (HO)

(/nix/store/lw5c47pys0kvg91kdqriir21bcwx5c1g-texlive-2025-env-texmfdist/tex/gen
eric/bigintcalc/bigintcalc.sty
Package: bigintcalc 2019/12/15 v1.5 Expandable calculations on big integers (HO
)
))
\Fld@menulength=\count322
\Field@Width=\dimen256
\Fld@charsize=\dimen257
Package hyperref Info: Hyper figures OFF on input line 6066.
Package hyperref Info: Link nesting OFF on input line 6071.
Package hyperref Info: Hyper index ON on input line 6074.
Package hyperref Info: backreferencing OFF on input line 6081.
Package hyperref Info: Link coloring OFF on input line 6086.
Package hyperref Info: Link coloring with OCG OFF on input line 6091.
Package hyperref Info: PDF/A mode OFF on input line 6096.
\Hy@abspage=\count323
\c@Item=\count324
\c@Hfootnote=\count325
)
Package hyperref Info: Driver (autodetected): hpdftex.

(/nix/store/lw5c47pys0kvg91kdqriir21bcwx5c1g-texlive-2025-env-texmfdist/tex/lat
ex/hyperref/hpdftex.def
File: hpdftex.def 2025-06-21 v7.01n Hyperref driver for pdfTeX
\Fld@listcount=\count326
\c@bookmark@seq@number=\count327

(/nix/store/lw5c47pys0kvg91kdqriir21bcwx5c1g-texlive-2025-env-texmfdist/tex/lat
ex/rerunfilecheck/rerunfilecheck.sty
Package: rerunfilecheck 2025-06-21 v1.11 Rerun checks for auxiliary files (HO)

(/nix/store/lw5c47pys0kvg91kdqriir21bcwx5c1g-texlive-2025-env-texmfdist/tex/gen
eric/uniquecounter/uniquecounter.sty
Package: uniquecounter 2019/12/15 v1.4 Provide unlimited unique counter (HO)
)
Package uniquecounter Info: New unique counter `rerunfilecheck' on input line 2
84.
)
\Hy@SectionHShift=\skip72
)
\c@theorem=\count328
\c@definition=\count329
\c@lemma=\count330
 (./definitions.tex)
(/nix/store/lw5c47pys0kvg91kdqriir21bcwx5c1g-texlive-2025-env-texmfdist/tex/lat
ex/l3backend/l3backend-pdftex.def
File: l3backend-pdftex.def 2025-06-09 L3 backend support: PDF output (pdfTeX)
\l__color_backend_stack_int=\count331
) (./Main.aux

LaTeX Warning: Label `inv:rob:ppo' multiply defined.


LaTeX Warning: Label `inv:rob:addr' multiply defined.


LaTeX Warning: Label `inv:rob:st-data' multiply defined.


LaTeX Warning: Label `inv:rob:addr-st' multiply defined.


LaTeX Warning: Label `inv:rob:kill-done-st' multiply defined.


LaTeX Warning: Label `inv:rob:mem-val' multiply defined.


LaTeX Warning: Label `inv:rob:rf' multiply defined.


LaTeX Warning: Label `prop:rob:rf:no-kill' multiply defined.


LaTeX Warning: Label `prop:rob:rf:addr-data' multiply defined.


LaTeX Warning: Label `prop:rob:rf:done-no-st' multiply defined.


LaTeX Warning: Label `prop:rob:rf:done-max' multiply defined.


LaTeX Warning: Label `prop:rob:rf:not-done' multiply defined.


LaTeX Warning: Label `sim:mem' multiply defined.


LaTeX Warning: Label `inv:result' multiply defined.


LaTeX Warning: Label `inv:no-kill' multiply defined.


LaTeX Warning: Label `inv:done' multiply defined.


LaTeX Warning: Label `inv:store' multiply defined.


LaTeX Warning: Label `sim:i2e:st' multiply defined.


LaTeX Warning: Label `sim:i2e:ld' multiply defined.


LaTeX Warning: Label `inv:i2e:po' multiply defined.


LaTeX Warning: Label `inv:i2e:rf' multiply defined.


LaTeX Warning: Label `inv:i2e:stuck' multiply defined.


LaTeX Warning: Label `inv:i2e:mo-match' multiply defined.


LaTeX Warning: Label `inv:i2e:mo-prefix' multiply defined.


LaTeX Warning: Label `prop:i2e:ppo' multiply defined.

)
\openout1 = `Main.aux'.

LaTeX Font Info:    Checking defaults for OML/cmm/m/it on input line 26.
LaTeX Font Info:    ... okay on input line 26.
LaTeX Font Info:    Checking defaults for OMS/cmsy/m/n on input line 26.
LaTeX Font Info:    ... okay on input line 26.
LaTeX Font Info:    Checking defaults for OT1/cmr/m/n on input line 26.
LaTeX Font Info:    ... okay on input line 26.
LaTeX Font Info:    Checking defaults for T1/cmr/m/n on input line 26.
LaTeX Font Info:    ... okay on input line 26.
LaTeX Font Info:    Checking defaults for TS1/cmr/m/n on input line 26.
LaTeX Font Info:    ... okay on input line 26.
LaTeX Font Info:    Checking defaults for OMX/cmex/m/n on input line 26.
LaTeX Font Info:    ... okay on input line 26.
LaTeX Font Info:    Checking defaults for U/cmr/m/n on input line 26.
LaTeX Font Info:    ... okay on input line 26.
LaTeX Font Info:    Checking defaults for PD1/pdf/m/n on input line 26.
LaTeX Font Info:    ... okay on input line 26.
LaTeX Font Info:    Checking defaults for PU/pdf/m/n on input line 26.
LaTeX Font Info:    ... okay on input line 26.

(/nix/store/lw5c47pys0kvg91kdqriir21bcwx5c1g-texlive-2025-env-texmfdist/tex/lat
ex/graphics/graphicx.sty
Package: graphicx 2024/12/31 v1.2e Enhanced LaTeX Graphics (DPC,SPQR)

(/nix/store/lw5c47pys0kvg91kdqriir21bcwx5c1g-texlive-2025-env-texmfdist/tex/lat
ex/graphics/graphics.sty
Package: graphics 2024/08/06 v1.4g Standard LaTeX Graphics (DPC,SPQR)

(/nix/store/lw5c47pys0kvg91kdqriir21bcwx5c1g-texlive-2025-env-texmfdist/tex/lat
ex/graphics-cfg/graphics.cfg
File: graphics.cfg 2016/06/04 v1.11 sample graphics configuration
)
Package graphics Info: Driver file: pdftex.def on input line 106.
)
\Gin@req@height=\dimen258
\Gin@req@width=\dimen259
)
(/nix/store/lw5c47pys0kvg91kdqriir21bcwx5c1g-texlive-2025-env-texmfdist/tex/con
text/base/mkii/supp-pdf.mkii
[Loading MPS to PDF converter (version 2006.09.02).]
\scratchcounter=\count332
\scratchdimen=\dimen260
\scratchbox=\box65
\nofMPsegments=\count333
\nofMParguments=\count334
\everyMPshowfont=\toks35
\MPscratchCnt=\count335
\MPscratchDim=\dimen261
\MPnumerator=\count336
\makeMPintoPDFobject=\count337
\everyMPtoPDFconversion=\toks36
)
(/nix/store/lw5c47pys0kvg91kdqriir21bcwx5c1g-texlive-2025-env-texmfdist/tex/lat
ex/epstopdf-pkg/epstopdf-base.sty
Package: epstopdf-base 2020-01-24 v2.11 Base part for package epstopdf
Package epstopdf-base Info: Redefining graphics rule for `.eps' on input line 4
85.

(/nix/store/lw5c47pys0kvg91kdqriir21bcwx5c1g-texlive-2025-env-texmfdist/tex/lat
ex/latexconfig/epstopdf-sys.cfg
File: epstopdf-sys.cfg 2010/07/13 v1.3 Configuration of (r)epstopdf for TeX Liv
e
))
Package caption Info: Begin \AtBeginDocument code.
Package caption Info: subfig package v1.3 is loaded.
Package caption Info: End \AtBeginDocument code.
\c@lstlisting=\count338
Package hyperref Info: Link coloring OFF on input line 26.
 (./Main.out) (./Main.out)
\@outlinefile=\write3
\openout3 = `Main.out'.

LaTeX Font Info:    Trying to load font information for U+msa on input line 40.


(/nix/store/lw5c47pys0kvg91kdqriir21bcwx5c1g-texlive-2025-env-texmfdist/tex/lat
ex/amsfonts/umsa.fd
File: umsa.fd 2013/01/14 v3.01 AMS symbols A
)
LaTeX Font Info:    Trying to load font information for U+msb on input line 40.


(/nix/store/lw5c47pys0kvg91kdqriir21bcwx5c1g-texlive-2025-env-texmfdist/tex/lat
ex/amsfonts/umsb.fd
File: umsb.fd 2013/01/14 v3.01 AMS symbols B
)
LaTeX Font Info:    Trying to load font information for OMS+cmr on input line 4
0.

(/nix/store/lw5c47pys0kvg91kdqriir21bcwx5c1g-texlive-2025-env-texmfdist/tex/lat
ex/base/omscmr.fd
File: omscmr.fd 2024/11/19 v2.5n Standard LaTeX font definitions
)
LaTeX Font Info:    Font shape `OMS/cmr/m/n' in size <12> not available
(Font)              Font shape `OMS/cmsy/m/n' tried instead on input line 40.
 (./Abstract.tex) (./Introduction.tex

[1

{/nix/store/p2vzpmdnzgmirvsyniwgfmasyggaapz8-texlive-2025-env/share/texmf-var/f
onts/map/pdftex/updmap/pdftex.map}]

[2]

[3]

[4]) (./related_work.tex) (./gam.tex

[5]

[6]

Package hyperref Warning: Token not allowed in a PDF string (Unicode):
(hyperref)                removing `math shift' on input line 85.


Package hyperref Warning: Token not allowed in a PDF string (Unicode):
(hyperref)                removing `subscript' on input line 85.


Package hyperref Warning: Token not allowed in a PDF string (Unicode):
(hyperref)                removing `math shift' on input line 85.



[7]

[8]

[9{/nix/store/lw5c47pys0kvg91kdqriir21bcwx5c1g-texlive-2025-env-texmfdist/fonts
/enc/dvips/cm-super/cm-super-ts1.enc}]

[10]

Package hyperref Warning: Token not allowed in a PDF string (Unicode):
(hyperref)                removing `math shift' on input line 377.


Package hyperref Warning: Token not allowed in a PDF string (Unicode):
(hyperref)                removing `\subseteq' on input line 377.


Package hyperref Warning: Token not allowed in a PDF string (Unicode):
(hyperref)                removing `math shift' on input line 377.



[11]

[12]

Package hyperref Warning: Token not allowed in a PDF string (Unicode):
(hyperref)                removing `math shift' on input line 477.


Package hyperref Warning: Token not allowed in a PDF string (Unicode):
(hyperref)                removing `\subseteq' on input line 477.


Package hyperref Warning: Token not allowed in a PDF string (Unicode):
(hyperref)                removing `math shift' on input line 477.



[13]) (./Axiomatic.tex

[14]

Package hyperref Warning: Token not allowed in a PDF string (Unicode):
(hyperref)                removing `math shift' on input line 95.


Package hyperref Warning: Token not allowed in a PDF string (Unicode):
(hyperref)                removing `\subseteq' on input line 95.


Package hyperref Warning: Token not allowed in a PDF string (Unicode):
(hyperref)                removing `math shift' on input line 95.

)

[15] (./Instances.tex

[16]

[17]

[18]) (./i2e.tex

[19]

[20]

Package hyperref Warning: Token not allowed in a PDF string (Unicode):
(hyperref)                removing `math shift' on input line 79.


Package hyperref Warning: Token not allowed in a PDF string (Unicode):
(hyperref)                removing `\subseteq' on input line 79.


Package hyperref Warning: Token not allowed in a PDF string (Unicode):
(hyperref)                removing `math shift' on input line 79.



[21]
Overfull \hbox (0.82954pt too wide) in paragraph at lines 135--135
[]\OT1/cmr/bx/n/12 Completeness: GAM-I2E Ax-iomatic Model $\OMS/cmsy/m/n/12 ^^R
$ \OT1/cmr/bx/n/12 GAM-I2E Op-er-a-tional Model 
 []


Package hyperref Warning: Token not allowed in a PDF string (Unicode):
(hyperref)                removing `math shift' on input line 135.


Package hyperref Warning: Token not allowed in a PDF string (Unicode):
(hyperref)                removing `\subseteq' on input line 135.


Package hyperref Warning: Token not allowed in a PDF string (Unicode):
(hyperref)                removing `math shift' on input line 135.

) (./Conclusion.tex

[22]) (./Main.bbl

[23]

[24]

[25])

[26] (./gam_axi_contain_op.tex

Package hyperref Warning: Token not allowed in a PDF string (Unicode):
(hyperref)                removing `math shift' on input line 1.


Package hyperref Warning: Token not allowed in a PDF string (Unicode):
(hyperref)                removing `\subseteq' on input line 1.


Package hyperref Warning: Token not allowed in a PDF string (Unicode):
(hyperref)                removing `math shift' on input line 1.



[27]
Overfull \hbox (8.06665pt too wide) in paragraph at lines 122--127
\OML/cmm/m/it/10 <[]; <[]; <[]$ \OT1/cmr/m/n/10 are the same as $\OML/cmm/m/it/
10 <[]; <[]; <[]$\OT1/cmr/m/n/10 , re-spec-tively. $\OML/cmm/m/it/10 I:[]$ \OT1
/cmr/m/n/10 changes
 []



[28]

[29]

[30]

[31])

[32] (./gam_op_contain_axi.tex

Package hyperref Warning: Token not allowed in a PDF string (Unicode):
(hyperref)                removing `math shift' on input line 1.


Package hyperref Warning: Token not allowed in a PDF string (Unicode):
(hyperref)                removing `\subseteq' on input line 1.


Package hyperref Warning: Token not allowed in a PDF string (Unicode):
(hyperref)                removing `math shift' on input line 1.



[33]

[34])

[35] (./ComProofs.tex

Package hyperref Warning: Token not allowed in a PDF string (Unicode):
(hyperref)                removing `math shift' on input line 9.


Package hyperref Warning: Token not allowed in a PDF string (Unicode):
(hyperref)                removing `\subseteq' on input line 9.


Package hyperref Warning: Token not allowed in a PDF string (Unicode):
(hyperref)                removing `math shift' on input line 9.



[36]

[37]
LaTeX Font Info:    Font shape `OT1/cmtt/bx/n' in size <10> not available
(Font)              Font shape `OT1/cmtt/m/n' tried instead on input line 96.
LaTeX Font Info:    Font shape `OT1/cmtt/bx/n' in size <8> not available
(Font)              Font shape `OT1/cmtt/m/n' tried instead on input line 96.
)

[38] (./i2e_op_contain_axi.tex

Package hyperref Warning: Token not allowed in a PDF string (Unicode):
(hyperref)                removing `math shift' on input line 1.


Package hyperref Warning: Token not allowed in a PDF string (Unicode):
(hyperref)                removing `\subseteq' on input line 1.


Package hyperref Warning: Token not allowed in a PDF string (Unicode):
(hyperref)                removing `math shift' on input line 1.



[39])

[40] (./Main.aux)
 ***********
LaTeX2e <2025-06-01> patch level 1
L3 programming layer <2025-06-09>
 ***********


LaTeX Warning: There were multiply-defined labels.

Package rerunfilecheck Info: File `Main.out' has not changed.
(rerunfilecheck)             Checksum: 7B3B8469937A611BAC5D5879D08D8273;7924.
 ) 
Here is how much of TeX's memory you used:
 15121 strings out of 467890
 239242 string characters out of 5410143
 702803 words of memory out of 5000000
 43050 multiletter control sequences out of 15000+600000
 639678 words of font info for 89 fonts, out of 8000000 for 9000
 1141 hyphenation exceptions out of 8191
 75i,18n,79p,934b,1253s stack positions out of 10000i,1000n,20000p,200000b,200000s
</nix/store/lw5c47pys0kvg91kdqriir21bcwx5c1g-texlive-2025-env-texmfdist/fonts
/type1/public/amsfonts/cm/cmbx10.pfb></nix/store/lw5c47pys0kvg91kdqriir21bcwx5c
1g-texlive-2025-env-texmfdist/fonts/type1/public/amsfonts/cm/cmbx12.pfb></nix/s
tore/lw5c47pys0kvg91kdqriir21bcwx5c1g-texlive-2025-env-texmfdist/fonts/type1/pu
blic/amsfonts/cm/cmbx9.pfb></nix/store/lw5c47pys0kvg91kdqriir21bcwx5c1g-texlive
-2025-env-texmfdist/fonts/type1/public/amsfonts/cm/cmmi10.pfb></nix/store/lw5c4
7pys0kvg91kdqriir21bcwx5c1g-texlive-2025-env-texmfdist/fonts/type1/public/amsfo
nts/cm/cmmi7.pfb></nix/store/lw5c47pys0kvg91kdqriir21bcwx5c1g-texlive-2025-env-
texmfdist/fonts/type1/public/amsfonts/cm/cmr10.pfb></nix/store/lw5c47pys0kvg91k
dqriir21bcwx5c1g-texlive-2025-env-texmfdist/fonts/type1/public/amsfonts/cm/cmr1
2.pfb></nix/store/lw5c47pys0kvg91kdqriir21bcwx5c1g-texlive-2025-env-texmfdist/f
onts/type1/public/amsfonts/cm/cmr17.pfb></nix/store/lw5c47pys0kvg91kdqriir21bcw
x5c1g-texlive-2025-env-texmfdist/fonts/type1/public/amsfonts/cm/cmr5.pfb></nix/
store/lw5c47pys0kvg91kdqriir21bcwx5c1g-texlive-2025-env-texmfdist/fonts/type1/p
ublic/amsfonts/cm/cmr7.pfb></nix/store/lw5c47pys0kvg91kdqriir21bcwx5c1g-texlive
-2025-env-texmfdist/fonts/type1/public/amsfonts/cm/cmr8.pfb></nix/store/lw5c47p
ys0kvg91kdqriir21bcwx5c1g-texlive-2025-env-texmfdist/fonts/type1/public/amsfont
s/cm/cmr9.pfb></nix/store/lw5c47pys0kvg91kdqriir21bcwx5c1g-texlive-2025-env-tex
mfdist/fonts/type1/public/amsfonts/cm/cmss10.pfb></nix/store/lw5c47pys0kvg91kdq
riir21bcwx5c1g-texlive-2025-env-texmfdist/fonts/type1/public/amsfonts/cm/cmsy10
.pfb></nix/store/lw5c47pys0kvg91kdqriir21bcwx5c1g-texlive-2025-env-texmfdist/fo
nts/type1/public/amsfonts/cm/cmsy5.pfb></nix/store/lw5c47pys0kvg91kdqriir21bcwx
5c1g-texlive-2025-env-texmfdist/fonts/type1/public/amsfonts/cm/cmsy7.pfb></nix/
store/lw5c47pys0kvg91kdqriir21bcwx5c1g-texlive-2025-env-texmfdist/fonts/type1/p
ublic/amsfonts/cm/cmti10.pfb></nix/store/lw5c47pys0kvg91kdqriir21bcwx5c1g-texli
ve-2025-env-texmfdist/fonts/type1/public/amsfonts/cm/cmtt10.pfb></nix/store/lw5
c47pys0kvg91kdqriir21bcwx5c1g-texlive-2025-env-texmfdist/fonts/type1/public/ams
fonts/cm/cmtt8.pfb></nix/store/lw5c47pys0kvg91kdqriir21bcwx5c1g-texlive-2025-en
v-texmfdist/fonts/type1/public/cm-super/sfrm1000.pfb>
Output written on Main.pdf (40 pages, 459485 bytes).
PDF statistics:
 1161 PDF objects out of 1200 (max. 8388607)
 1068 compressed objects within 11 object streams
 390 named destinations out of 1000 (max. 500000)
 313 words of extra memory for PDF output out of 10000 (max. 10000000)

